[debug] [2024-10-28T07:32:01.726Z] ----------------------------------------------------------------------
[debug] [2024-10-28T07:32:01.732Z] Command:       C:\Program Files\nodejs\node.exe C:\Users\ADMIN\AppData\Roaming\npm\node_modules\firebase-tools\lib\bin\firebase.js init
[debug] [2024-10-28T07:32:01.733Z] CLI Version:   13.23.0
[debug] [2024-10-28T07:32:01.733Z] Platform:      win32
[debug] [2024-10-28T07:32:01.733Z] Node Version:  v20.18.0
[debug] [2024-10-28T07:32:01.733Z] Time:          Mon Oct 28 2024 13:02:01 GMT+0530 (India Standard Time)
[debug] [2024-10-28T07:32:01.734Z] ----------------------------------------------------------------------
[debug] 
[debug] [2024-10-28T07:32:01.741Z] > command requires scopes: ["email","openid","https://www.googleapis.com/auth/cloudplatformprojects.readonly","https://www.googleapis.com/auth/firebase","https://www.googleapis.com/auth/cloud-platform"]
[debug] [2024-10-28T07:32:01.742Z] > authorizing via signed-in user (faheema0315@gmail.com)
[info] 
     ######## #### ########  ######## ########     ###     ######  ########
     ##        ##  ##     ## ##       ##     ##  ##   ##  ##       ##
     ######    ##  ########  ######   ########  #########  ######  ######
     ##        ##  ##    ##  ##       ##     ## ##     ##       ## ##
     ##       #### ##     ## ######## ########  ##     ##  ######  ########

You're about to initialize a Firebase project in this directory:

  C:\Users\ADMIN\Desktop\New folder (2)\clinic_management

[info] 
=== Project Setup
[info] 
[info] First, let's associate this project directory with a Firebase project.
[info] You can create multiple project aliases by running firebase use --add, 
[info] but for now we'll just set up a default project.
[info] 
[debug] [2024-10-28T07:32:26.867Z] Checked if tokens are valid: false, expires at: 1730098196981
[debug] [2024-10-28T07:32:26.867Z] Checked if tokens are valid: false, expires at: 1730098196981
[debug] [2024-10-28T07:32:26.867Z] > refreshing access token with scopes: []
[debug] [2024-10-28T07:32:26.871Z] >>> [apiv2][query] POST https://www.googleapis.com/oauth2/v3/token [none]
[debug] [2024-10-28T07:32:26.871Z] >>> [apiv2][body] POST https://www.googleapis.com/oauth2/v3/token [omitted]
[debug] [2024-10-28T07:32:31.092Z] <<< [apiv2][status] POST https://www.googleapis.com/oauth2/v3/token 200
[debug] [2024-10-28T07:32:31.093Z] <<< [apiv2][body] POST https://www.googleapis.com/oauth2/v3/token [omitted]
[debug] [2024-10-28T07:32:31.112Z] >>> [apiv2][query] GET https://firebase.googleapis.com/v1beta1/projects pageSize=100
[debug] [2024-10-28T07:32:33.824Z] <<< [apiv2][status] GET https://firebase.googleapis.com/v1beta1/projects 200
[debug] [2024-10-28T07:32:33.825Z] <<< [apiv2][body] GET https://firebase.googleapis.com/v1beta1/projects [omitted]
[info] i  Using project clinic-management-f74c8 (clinic-management) 
[info] 
=== Firestore Setup
[debug] [2024-10-28T07:33:01.852Z] Checked if tokens are valid: true, expires at: 1730104350093
[debug] [2024-10-28T07:33:01.852Z] Checked if tokens are valid: true, expires at: 1730104350093
[debug] [2024-10-28T07:33:01.853Z] >>> [apiv2][query] GET https://serviceusage.googleapis.com/v1/projects/clinic-management-f74c8/services/firestore.googleapis.com [none]
[debug] [2024-10-28T07:33:01.853Z] >>> [apiv2][(partial)header] GET https://serviceusage.googleapis.com/v1/projects/clinic-management-f74c8/services/firestore.googleapis.com x-goog-quota-user=projects/clinic-management-f74c8
[debug] [2024-10-28T07:33:03.963Z] <<< [apiv2][status] GET https://serviceusage.googleapis.com/v1/projects/clinic-management-f74c8/services/firestore.googleapis.com 200
[debug] [2024-10-28T07:33:03.964Z] <<< [apiv2][body] GET https://serviceusage.googleapis.com/v1/projects/clinic-management-f74c8/services/firestore.googleapis.com [omitted]
[debug] [2024-10-28T07:33:03.966Z] Checked if tokens are valid: true, expires at: 1730104350093
[debug] [2024-10-28T07:33:03.967Z] Checked if tokens are valid: true, expires at: 1730104350093
[debug] [2024-10-28T07:33:03.968Z] >>> [apiv2][query] GET https://firestore.googleapis.com/v1/projects/clinic-management-f74c8/databases/(default) [none]
[debug] [2024-10-28T07:33:04.741Z] <<< [apiv2][status] GET https://firestore.googleapis.com/v1/projects/clinic-management-f74c8/databases/(default) 200
[debug] [2024-10-28T07:33:04.742Z] <<< [apiv2][body] GET https://firestore.googleapis.com/v1/projects/clinic-management-f74c8/databases/(default) {"name":"projects/clinic-management-f74c8/databases/(default)","uid":"23be6f32-1d56-4701-aa9c-2d0d7fded8ff","createTime":"2024-10-20T05:58:02.008893Z","updateTime":"2024-10-20T05:58:02.008893Z","locationId":"asia-south1","type":"FIRESTORE_NATIVE","concurrencyMode":"PESSIMISTIC","versionRetentionPeriod":"3600s","earliestVersionTime":"2024-10-28T06:33:03.837161Z","appEngineIntegrationMode":"DISABLED","keyPrefix":"j","pointInTimeRecoveryEnablement":"POINT_IN_TIME_RECOVERY_DISABLED","deleteProtectionState":"DELETE_PROTECTION_DISABLED","etag":"IILcldXHsIkDMOjD5JLTn4kD"}
[debug] [2024-10-28T07:33:04.743Z] database_type: FIRESTORE_NATIVE
[debug] [2024-10-28T07:33:04.743Z] database_type: FIRESTORE_NATIVE
[debug] [2024-10-28T07:33:04.744Z] > command requires scopes: ["email","openid","https://www.googleapis.com/auth/cloudplatformprojects.readonly","https://www.googleapis.com/auth/firebase","https://www.googleapis.com/auth/cloud-platform"]
[debug] [2024-10-28T07:33:04.745Z] > authorizing via signed-in user (faheema0315@gmail.com)
[debug] [2024-10-28T07:33:04.746Z] [iam] checking project clinic-management-f74c8 for permissions ["firebase.projects.get"]
[debug] [2024-10-28T07:33:04.748Z] Checked if tokens are valid: true, expires at: 1730104350093
[debug] [2024-10-28T07:33:04.748Z] Checked if tokens are valid: true, expires at: 1730104350093
[debug] [2024-10-28T07:33:04.749Z] >>> [apiv2][query] POST https://cloudresourcemanager.googleapis.com/v1/projects/clinic-management-f74c8:testIamPermissions [none]
[debug] [2024-10-28T07:33:04.749Z] >>> [apiv2][(partial)header] POST https://cloudresourcemanager.googleapis.com/v1/projects/clinic-management-f74c8:testIamPermissions x-goog-quota-user=projects/clinic-management-f74c8
[debug] [2024-10-28T07:33:04.749Z] >>> [apiv2][body] POST https://cloudresourcemanager.googleapis.com/v1/projects/clinic-management-f74c8:testIamPermissions {"permissions":["firebase.projects.get"]}
[debug] [2024-10-28T07:33:06.553Z] <<< [apiv2][status] POST https://cloudresourcemanager.googleapis.com/v1/projects/clinic-management-f74c8:testIamPermissions 200
[debug] [2024-10-28T07:33:06.555Z] <<< [apiv2][body] POST https://cloudresourcemanager.googleapis.com/v1/projects/clinic-management-f74c8:testIamPermissions {"permissions":["firebase.projects.get"]}
[info] 
[info] Firestore Security Rules allow you to define how and when to allow
[info] requests. You can keep these rules in your project directory
[info] and publish them with firebase deploy.
[info] 
[debug] [2024-10-28T07:33:42.217Z] Checked if tokens are valid: true, expires at: 1730104350093
[debug] [2024-10-28T07:33:42.218Z] Checked if tokens are valid: true, expires at: 1730104350093
[debug] [2024-10-28T07:33:42.218Z] >>> [apiv2][query] GET https://firebaserules.googleapis.com/v1/projects/clinic-management-f74c8/releases pageSize=10&pageToken=
[debug] [2024-10-28T07:33:55.820Z] <<< [apiv2][status] GET https://firebaserules.googleapis.com/v1/projects/clinic-management-f74c8/releases 200
[debug] [2024-10-28T07:33:55.820Z] <<< [apiv2][body] GET https://firebaserules.googleapis.com/v1/projects/clinic-management-f74c8/releases {"releases":[{"name":"projects/clinic-management-f74c8/releases/cloud.firestore","rulesetName":"projects/clinic-management-f74c8/rulesets/f61f40a1-5477-4632-97ac-82f0bb62bb86","createTime":"2024-10-20T05:58:11.280176Z","updateTime":"2024-10-28T05:50:06.623728Z"}]}
[debug] [2024-10-28T07:33:55.821Z] Found ruleset: projects/clinic-management-f74c8/rulesets/f61f40a1-5477-4632-97ac-82f0bb62bb86
[debug] [2024-10-28T07:33:55.822Z] Checked if tokens are valid: true, expires at: 1730104350093
[debug] [2024-10-28T07:33:55.823Z] Checked if tokens are valid: true, expires at: 1730104350093
[debug] [2024-10-28T07:33:55.824Z] >>> [apiv2][query] GET https://firebaserules.googleapis.com/v1/projects/clinic-management-f74c8/rulesets/f61f40a1-5477-4632-97ac-82f0bb62bb86 [none]
[debug] [2024-10-28T07:33:58.751Z] <<< [apiv2][status] GET https://firebaserules.googleapis.com/v1/projects/clinic-management-f74c8/rulesets/f61f40a1-5477-4632-97ac-82f0bb62bb86 200
[debug] [2024-10-28T07:33:58.752Z] <<< [apiv2][body] GET https://firebaserules.googleapis.com/v1/projects/clinic-management-f74c8/rulesets/f61f40a1-5477-4632-97ac-82f0bb62bb86 [omitted]
[info] 
[info] Firestore indexes allow you to perform complex queries while
[info] maintaining performance that scales with the size of the result
[info] set. You can keep index definitions in your project directory
[info] and publish them with firebase deploy.
[info] 
[debug] [2024-10-28T07:34:02.322Z] Checked if tokens are valid: true, expires at: 1730104350093
[debug] [2024-10-28T07:34:02.323Z] Checked if tokens are valid: true, expires at: 1730104350093
[debug] [2024-10-28T07:34:02.323Z] Checked if tokens are valid: true, expires at: 1730104350093
[debug] [2024-10-28T07:34:02.323Z] Checked if tokens are valid: true, expires at: 1730104350093
[debug] [2024-10-28T07:34:02.323Z] >>> [apiv2][query] GET https://firestore.googleapis.com/v1/projects/clinic-management-f74c8/databases/(default)/collectionGroups/-/indexes [none]
[debug] [2024-10-28T07:34:02.326Z] >>> [apiv2][query] GET https://firestore.googleapis.com/v1/projects/clinic-management-f74c8/databases/(default)/collectionGroups/-/fields?filter=indexConfig.usesAncestorConfig=false OR ttlConfig:* [none]
[debug] [2024-10-28T07:34:07.166Z] <<< [apiv2][status] GET https://firestore.googleapis.com/v1/projects/clinic-management-f74c8/databases/(default)/collectionGroups/-/indexes 200
[debug] [2024-10-28T07:34:07.167Z] <<< [apiv2][body] GET https://firestore.googleapis.com/v1/projects/clinic-management-f74c8/databases/(default)/collectionGroups/-/indexes {}
[debug] [2024-10-28T07:34:12.573Z] <<< [apiv2][status] GET https://firestore.googleapis.com/v1/projects/clinic-management-f74c8/databases/(default)/collectionGroups/-/fields?filter=indexConfig.usesAncestorConfig=false OR ttlConfig:* 200
[debug] [2024-10-28T07:34:12.574Z] <<< [apiv2][body] GET https://firestore.googleapis.com/v1/projects/clinic-management-f74c8/databases/(default)/collectionGroups/-/fields?filter=indexConfig.usesAncestorConfig=false OR ttlConfig:* {"fields":[{"name":"projects/clinic-management-f74c8/databases/(default)/collectionGroups/__default__/fields/*","indexConfig":{"indexes":[{"queryScope":"COLLECTION","fields":[{"fieldPath":"*","order":"ASCENDING"}],"state":"READY"},{"queryScope":"COLLECTION","fields":[{"fieldPath":"*","order":"DESCENDING"}],"state":"READY"},{"queryScope":"COLLECTION","fields":[{"fieldPath":"*","arrayConfig":"CONTAINS"}],"state":"READY"}]}}]}
[info] 
=== Hosting Setup
[debug] [2024-10-28T07:34:12.591Z] Checked if tokens are valid: true, expires at: 1730104350093
[debug] [2024-10-28T07:34:12.591Z] Checked if tokens are valid: true, expires at: 1730104350093
[debug] [2024-10-28T07:34:12.593Z] >>> [apiv2][query] GET https://firebase.googleapis.com/v1beta1/projects/clinic-management-f74c8 [none]
[debug] [2024-10-28T07:34:30.934Z] <<< [apiv2][status] GET https://firebase.googleapis.com/v1beta1/projects/clinic-management-f74c8 200
[debug] [2024-10-28T07:34:30.935Z] <<< [apiv2][body] GET https://firebase.googleapis.com/v1beta1/projects/clinic-management-f74c8 {"projectId":"clinic-management-f74c8","projectNumber":"115730435805","displayName":"clinic-management","name":"projects/clinic-management-f74c8","resources":{"hostingSite":"clinic-management-f74c8"},"state":"ACTIVE","etag":"1_88e95fc0-bb0e-414f-8231-56ae026a55a3"}
[info] 
[info] Your public directory is the folder (relative to your project directory) that
[info] will contain Hosting assets to be uploaded with firebase deploy. If you
[info] have a build process for your assets, use your build's output directory.
[info] 
